2018-05-14 15:58:13 +0000  Initial pipeline context: <IDEDistributionProcessingPipelineContext: 0x7f84449ec210; archive(resolved)='<IDEArchive: 0x7f84449e29c0>', distributionTask(resolved)='2', distributionMethod(resolved)='<IDEDistributionMethodiOSEnterprise: 0x7f84437db0f0>', team(resolved)='<IDEProvisioningBasicTeam: 0x7f844502d0c0; teamID='NEYSD6N9XR', teamName='RAIMON LAND UNIXX COMPANY LIMITED.'>'>
	Chain (11, self inclusive):
	<IDEDistributionProcessingPipelineContext: 0x7f84449ec210; archive = '<IDEArchive: 0x7f84449e29c0>', distributionMethod='<IDEDistributionMethodiOSEnterprise: 0x7f84437db0f0>', team='<IDEProvisioningBasicTeam: 0x7f844502d0c0; teamID='NEYSD6N9XR', teamName='RAIMON LAND UNIXX COMPANY LIMITED.'>'>
	<IDEDistributionProcessingPipelineContext: 0x7f84423b3900; archive = '<IDEArchive: 0x7f84449e29c0>', distributionMethod='<IDEDistributionMethodiOSEnterprise: 0x7f84437db0f0>', team='<IDEProvisioningBasicTeam: 0x7f844502d0c0; teamID='NEYSD6N9XR', teamName='RAIMON LAND UNIXX COMPANY LIMITED.'>'>
	<IDEDistributionContext: 0x7f843de9ac30; archive = '<IDEArchive: 0x7f84449e29c0>', distributionMethod='<IDEDistributionMethodiOSEnterprise: 0x7f84437db0f0>', team='<IDEProvisioningBasicTeam: 0x7f844502d0c0; teamID='NEYSD6N9XR', teamName='RAIMON LAND UNIXX COMPANY LIMITED.'>'>
	<IDEDistributionContext: 0x7f84422b4a00; archive = '<IDEArchive: 0x7f84449e29c0>', distributionMethod='<IDEDistributionMethodiOSEnterprise: 0x7f84437db0f0>', team='<IDEProvisioningBasicTeam: 0x7f844502d0c0; teamID='NEYSD6N9XR', teamName='RAIMON LAND UNIXX COMPANY LIMITED.'>'>
	<IDEDistributionContext: 0x7f84422a1530; archive = '<IDEArchive: 0x7f84449e29c0>', distributionMethod='<IDEDistributionMethodiOSEnterprise: 0x7f84437db0f0>', team='<IDEProvisioningBasicTeam: 0x7f844502d0c0; teamID='NEYSD6N9XR', teamName='RAIMON LAND UNIXX COMPANY LIMITED.'>'>
	<IDEDistributionContext: 0x7f8444d25f10; archive = '<IDEArchive: 0x7f84449e29c0>', distributionMethod='<IDEDistributionMethodiOSEnterprise: 0x7f84437db0f0>', team='<IDEProvisioningBasicTeam: 0x7f844502d0c0; teamID='NEYSD6N9XR', teamName='RAIMON LAND UNIXX COMPANY LIMITED.'>'>
	<IDEDistributionContext: 0x7f843d8942f0; archive = '<IDEArchive: 0x7f84449e29c0>', distributionMethod='<IDEDistributionMethodiOSEnterprise: 0x7f84437db0f0>', team='<IDEProvisioningBasicTeam: 0x7f844502d0c0; teamID='NEYSD6N9XR', teamName='RAIMON LAND UNIXX COMPANY LIMITED.'>'>
	<IDEDistributionContext: 0x7f843dd92a10; archive = '<IDEArchive: 0x7f84449e29c0>', distributionMethod='<IDEDistributionMethodiOSEnterprise: 0x7f84437db0f0>', team='<IDEProvisioningBasicTeam: 0x7f844502d0c0; teamID='NEYSD6N9XR', teamName='RAIMON LAND UNIXX COMPANY LIMITED.'>'>
	<IDEDistributionContext: 0x7f843d11da10; archive = '<IDEArchive: 0x7f84449e29c0>', distributionMethod='<IDEDistributionMethodiOSEnterprise: 0x7f84437db0f0>', team='<IDEProvisioningBasicTeam: 0x7f844502d0c0; teamID='NEYSD6N9XR', teamName='RAIMON LAND UNIXX COMPANY LIMITED.'>'>
	<IDEDistributionContext: 0x7f84435e3b20; archive = '<IDEArchive: 0x7f84449e29c0>', distributionMethod='<IDEDistributionMethodiOSEnterprise: 0x7f84437db0f0>', team='(null)'>
	<IDEDistributionContext: 0x7f84431ada30; archive = '<IDEArchive: 0x7f84449e29c0>', distributionMethod='(null)', team='(null)'>
</IDEDistributionProcessingPipelineContext: 0x7f84449ec210>
2018-05-14 15:58:13 +0000  Processing step: IDEDistributionCreateDestRootStep
2018-05-14 15:58:13 +0000  Processing step: IDEDistributionCopyItemStep
2018-05-14 15:58:13 +0000  Running /usr/bin/ditto '-V' '/Users/bonshington/Library/Developer/Xcode/Archives/2018-05-14/SFInspection 14-5-18 22.54.xcarchive/Products/Applications/SFInspection.app' '/var/folders/hy/xm2d090d3xqfyy9108_z2l380000gn/T/XcodeDistPipeline.ijR/Root/Payload/SFInspection.app'
2018-05-14 15:58:13 +0000  >>> Copying /Users/bonshington/Library/Developer/Xcode/Archives/2018-05-14/SFInspection 14-5-18 22.54.xcarchive/Products/Applications/SFInspection.app 
2018-05-14 15:58:13 +0000  copying file ./_CodeSignature/CodeResources ... 
2018-05-14 15:58:13 +0000  56014 bytes for ./_CodeSignature/CodeResources
2018-05-14 15:58:13 +0000  copying file ./AppIcon20x20@2x.png ... 
2018-05-14 15:58:13 +0000  2927 bytes for ./AppIcon20x20@2x.png
2018-05-14 15:58:13 +0000  copying file ./MainViewController.nib ... 
2018-05-14 15:58:13 +0000  943 bytes for ./MainViewController.nib
2018-05-14 15:58:13 +0000  copying file ./AppIcon57x57.png ... 
2018-05-14 15:58:13 +0000  3916 bytes for ./AppIcon57x57.png
2018-05-14 15:58:13 +0000  copying file ./AppIcon20x20@3x.png ... 
2018-05-14 15:58:13 +0000  4467 bytes for ./AppIcon20x20@3x.png
copying file ./AppIcon29x29.png ... 
2018-05-14 15:58:13 +0000  2019 bytes for ./AppIcon29x29.png
2018-05-14 15:58:13 +0000  copying file ./AppIcon60x60@2x.png ... 
2018-05-14 15:58:13 +0000  8599 bytes for ./AppIcon60x60@2x.png
2018-05-14 15:58:13 +0000  copying file ./AppIcon72x72@2x~ipad.png ... 
2018-05-14 15:58:13 +0000  10303 bytes for ./AppIcon72x72@2x~ipad.png
2018-05-14 15:58:13 +0000  copying file ./AppIcon29x29@2x.png ... 
2018-05-14 15:58:13 +0000  4111 bytes for ./AppIcon29x29@2x.png
2018-05-14 15:58:13 +0000  copying file ./AppIcon40x40@3x.png ... 
2018-05-14 15:58:13 +0000  8599 bytes for ./AppIcon40x40@3x.png
2018-05-14 15:58:13 +0000  copying file ./AppIcon57x57@2x.png ... 
2018-05-14 15:58:13 +0000  8272 bytes for ./AppIcon57x57@2x.png
2018-05-14 15:58:13 +0000  copying file ./AppIcon29x29~ipad.png ... 
2018-05-14 15:58:13 +0000  2019 bytes for ./AppIcon29x29~ipad.png
2018-05-14 15:58:13 +0000  copying file ./AppIcon40x40@2x.png ... 
2018-05-14 15:58:13 +0000  5791 bytes for ./AppIcon40x40@2x.png
2018-05-14 15:58:13 +0000  copying file ./PZInspection.storyboardc/uJi-h9-9uZ-view-SzF-FT-ntH.nib/objects-11.0+.nib ... 
2018-05-14 15:58:13 +0000  6119 bytes for ./PZInspection.storyboardc/uJi-h9-9uZ-view-SzF-FT-ntH.nib/objects-11.0+.nib
2018-05-14 15:58:13 +0000  copying file ./PZInspection.storyboardc/uJi-h9-9uZ-view-SzF-FT-ntH.nib/runtime.nib ... 
2018-05-14 15:58:13 +0000  6258 bytes for ./PZInspection.storyboardc/uJi-h9-9uZ-view-SzF-FT-ntH.nib/runtime.nib
2018-05-14 15:58:13 +0000  copying file ./PZInspection.storyboardc/l3r-uo-64a-view-4lu-as-5fb.nib/objects-11.0+.nib ... 
2018-05-14 15:58:13 +0000  2699 bytes for ./PZInspection.storyboardc/l3r-uo-64a-view-4lu-as-5fb.nib/objects-11.0+.nib
2018-05-14 15:58:13 +0000  copying file ./PZInspection.storyboardc/l3r-uo-64a-view-4lu-as-5fb.nib/runtime.nib ... 
2018-05-14 15:58:13 +0000  3534 bytes for ./PZInspection.storyboardc/l3r-uo-64a-view-4lu-as-5fb.nib/runtime.nib
copying file ./PZInspection.storyboardc/PZInspectionViewController.nib/objects-11.0+.nib ... 
2018-05-14 15:58:13 +0000  3103 bytes for ./PZInspection.storyboardc/PZInspectionViewController.nib/objects-11.0+.nib
2018-05-14 15:58:13 +0000  copying file ./PZInspection.storyboardc/PZInspectionViewController.nib/runtime.nib ... 
2018-05-14 15:58:13 +0000  3103 bytes for ./PZInspection.storyboardc/PZInspectionViewController.nib/runtime.nib
2018-05-14 15:58:13 +0000  copying file ./PZInspection.storyboardc/Info.plist ... 
2018-05-14 15:58:13 +0000  197 bytes for ./PZInspection.storyboardc/Info.plist
2018-05-14 15:58:13 +0000  copying file ./PZInspection.storyboardc/drawPad.nib/objects-11.0+.nib ... 
2018-05-14 15:58:13 +0000  1015 bytes for ./PZInspection.storyboardc/drawPad.nib/objects-11.0+.nib
copying file ./PZInspection.storyboardc/drawPad.nib/runtime.nib ... 
2018-05-14 15:58:13 +0000  1015 bytes for ./PZInspection.storyboardc/drawPad.nib/runtime.nib
2018-05-14 15:58:13 +0000  copying file ./PZInspection.storyboardc/egq-Tv-Hku-view-3SF-af-wJD.nib/objects-11.0+.nib ... 
2018-05-14 15:58:13 +0000  11769 bytes for ./PZInspection.storyboardc/egq-Tv-Hku-view-3SF-af-wJD.nib/objects-11.0+.nib
2018-05-14 15:58:13 +0000  copying file ./PZInspection.storyboardc/egq-Tv-Hku-view-3SF-af-wJD.nib/runtime.nib ... 
2018-05-14 15:58:13 +0000  11909 bytes for ./PZInspection.storyboardc/egq-Tv-Hku-view-3SF-af-wJD.nib/runtime.nib
2018-05-14 15:58:13 +0000  copying file ./AppIcon29x29@3x.png ... 
2018-05-14 15:58:13 +0000  6292 bytes for ./AppIcon29x29@3x.png
2018-05-14 15:58:13 +0000  copying file ./AppIcon60x60@3x.png ... 
2018-05-14 15:58:13 +0000  12834 bytes for ./AppIcon60x60@3x.png
2018-05-14 15:58:13 +0000  copying file ./config.xml ... 
2018-05-14 15:58:13 +0000  9237 bytes for ./config.xml
2018-05-14 15:58:13 +0000  copying file ./www/index.html ... 
2018-05-14 15:58:13 +0000  2044 bytes for ./www/index.html
copying file ./www/cordova.js ... 
2018-05-14 15:58:13 +0000  78044 bytes for ./www/cordova.js
2018-05-14 15:58:13 +0000  copying file ./www/plugins/my-cordova-plugin/www/plugin.js ... 
2018-05-14 15:58:13 +0000  388 bytes for ./www/plugins/my-cordova-plugin/www/plugin.js
2018-05-14 15:58:13 +0000  copying file ./www/plugins/cordova-plugin-file/www/requestFileSystem.js ... 
2018-05-14 15:58:13 +0000  3244 bytes for ./www/plugins/cordova-plugin-file/www/requestFileSystem.js
2018-05-14 15:58:13 +0000  copying file ./www/plugins/cordova-plugin-file/www/DirectoryEntry.js ... 
2018-05-14 15:58:13 +0000  4681 bytes for ./www/plugins/cordova-plugin-file/www/DirectoryEntry.js
2018-05-14 15:58:13 +0000  copying file ./www/plugins/cordova-plugin-file/www/FileSystem.js ... 
2018-05-14 15:58:13 +0000  1960 bytes for ./www/plugins/cordova-plugin-file/www/FileSystem.js
2018-05-14 15:58:13 +0000  copying file ./www/plugins/cordova-plugin-file/www/Flags.js ... 
2018-05-14 15:58:13 +0000  1336 bytes for ./www/plugins/cordova-plugin-file/www/Flags.js
2018-05-14 15:58:13 +0000  copying file ./www/plugins/cordova-plugin-file/www/fileSystemPaths.js ... 
2018-05-14 15:58:13 +0000  2548 bytes for ./www/plugins/cordova-plugin-file/www/fileSystemPaths.js
2018-05-14 15:58:13 +0000  copying file ./www/plugins/cordova-plugin-file/www/FileEntry.js ... 
2018-05-14 15:58:13 +0000  3423 bytes for ./www/plugins/cordova-plugin-file/www/FileEntry.js
2018-05-14 15:58:13 +0000  copying file ./www/plugins/cordova-plugin-file/www/fileSystems.js ... 
2018-05-14 15:58:13 +0000  1047 bytes for ./www/plugins/cordova-plugin-file/www/fileSystems.js
2018-05-14 15:58:13 +0000  copying file ./www/plugins/cordova-plugin-file/www/DirectoryReader.js ... 
2018-05-14 15:58:13 +0000  2724 bytes for ./www/plugins/cordova-plugin-file/www/DirectoryReader.js
copying file ./www/plugins/cordova-plugin-file/www/Metadata.js ... 
2018-05-14 15:58:13 +0000  1488 bytes for ./www/plugins/cordova-plugin-file/www/Metadata.js
2018-05-14 15:58:13 +0000  copying file ./www/plugins/cordova-plugin-file/www/ios/FileSystem.js ... 
2018-05-14 15:58:13 +0000  1222 bytes for ./www/plugins/cordova-plugin-file/www/ios/FileSystem.js
2018-05-14 15:58:13 +0000  copying file ./www/plugins/cordova-plugin-file/www/browser/isChrome.js ... 
2018-05-14 15:58:13 +0000  1232 bytes for ./www/plugins/cordova-plugin-file/www/browser/isChrome.js
2018-05-14 15:58:13 +0000  copying file ./www/plugins/cordova-plugin-file/www/LocalFileSystem.js ... 
2018-05-14 15:58:13 +0000  957 bytes for ./www/plugins/cordova-plugin-file/www/LocalFileSystem.js
2018-05-14 15:58:13 +0000  copying file ./www/plugins/cordova-plugin-file/www/FileReader.js ... 
2018-05-14 15:58:13 +0000  10523 bytes for ./www/plugins/cordova-plugin-file/www/FileReader.js
2018-05-14 15:58:13 +0000  copying file ./www/plugins/cordova-plugin-file/www/fileSystems-roots.js ... 
2018-05-14 15:58:13 +0000  1598 bytes for ./www/plugins/cordova-plugin-file/www/fileSystems-roots.js
2018-05-14 15:58:13 +0000  copying file ./www/plugins/cordova-plugin-file/www/FileUploadOptions.js ... 
2018-05-14 15:58:13 +0000  1831 bytes for ./www/plugins/cordova-plugin-file/www/FileUploadOptions.js
2018-05-14 15:58:13 +0000  copying file ./www/plugins/cordova-plugin-file/www/FileWriter.js ... 
2018-05-14 15:58:13 +0000  10544 bytes for ./www/plugins/cordova-plugin-file/www/FileWriter.js
2018-05-14 15:58:13 +0000  copying file ./www/plugins/cordova-plugin-file/www/FileError.js ... 
2018-05-14 15:58:13 +0000  1483 bytes for ./www/plugins/cordova-plugin-file/www/FileError.js
2018-05-14 15:58:13 +0000  copying file ./www/plugins/cordova-plugin-file/www/FileUploadResult.js ... 
2018-05-14 15:58:13 +0000  1111 bytes for ./www/plugins/cordova-plugin-file/www/FileUploadResult.js
2018-05-14 15:58:13 +0000  copying file ./www/plugins/cordova-plugin-file/www/ProgressEvent.js ... 
2018-05-14 15:58:13 +0000  2544 bytes for ./www/plugins/cordova-plugin-file/www/ProgressEvent.js
2018-05-14 15:58:13 +0000  copying file ./www/plugins/cordova-plugin-file/www/File.js ... 
2018-05-14 15:58:13 +0000  2714 bytes for ./www/plugins/cordova-plugin-file/www/File.js
2018-05-14 15:58:13 +0000  copying file ./www/plugins/cordova-plugin-file/www/resolveLocalFileSystemURI.js ... 
2018-05-14 15:58:13 +0000  4325 bytes for ./www/plugins/cordova-plugin-file/www/resolveLocalFileSystemURI.js
2018-05-14 15:58:13 +0000  copying file ./www/plugins/cordova-plugin-file/www/Entry.js ... 
2018-05-14 15:58:13 +0000  9869 bytes for ./www/plugins/cordova-plugin-file/www/Entry.js
2018-05-14 15:58:13 +0000  copying file ./www/plugins/com.salesforce/www/com.salesforce.plugin.smartsync.js ... 
2018-05-14 15:58:13 +0000  8674 bytes for ./www/plugins/com.salesforce/www/com.salesforce.plugin.smartsync.js
2018-05-14 15:58:13 +0000  copying file ./www/plugins/com.salesforce/www/com.salesforce.util.logger.js ... 
2018-05-14 15:58:13 +0000  4292 bytes for ./www/plugins/com.salesforce/www/com.salesforce.util.logger.js
2018-05-14 15:58:13 +0000  copying file ./www/plugins/com.salesforce/www/com.salesforce.plugin.smartstore.client.js ... 
2018-05-14 15:58:13 +0000  4266 bytes for ./www/plugins/com.salesforce/www/com.salesforce.plugin.smartstore.client.js
2018-05-14 15:58:13 +0000  copying file ./www/plugins/com.salesforce/www/com.salesforce.util.exec.js ... 
2018-05-14 15:58:13 +0000  2493 bytes for ./www/plugins/com.salesforce/www/com.salesforce.util.exec.js
2018-05-14 15:58:13 +0000  copying file ./www/plugins/com.salesforce/www/com.salesforce.util.promiser.js ... 
2018-05-14 15:58:13 +0000  3082 bytes for ./www/plugins/com.salesforce/www/com.salesforce.util.promiser.js
2018-05-14 15:58:13 +0000  copying file ./www/plugins/com.salesforce/www/com.salesforce.plugin.oauth.js ... 
2018-05-14 15:58:13 +0000  4516 bytes for ./www/plugins/com.salesforce/www/com.salesforce.plugin.oauth.js
2018-05-14 15:58:13 +0000  copying file ./www/plugins/com.salesforce/www/com.salesforce.plugin.sfaccountmanager.js ... 
2018-05-14 15:58:13 +0000  4969 bytes for ./www/plugins/com.salesforce/www/com.salesforce.plugin.sfaccountmanager.js
2018-05-14 15:58:13 +0000  copying file ./www/plugins/com.salesforce/www/com.salesforce.plugin.network.js ... 
2018-05-14 15:58:13 +0000  2789 bytes for ./www/plugins/com.salesforce/www/com.salesforce.plugin.network.js
copying file ./www/plugins/com.salesforce/www/com.salesforce.util.bootstrap.js ... 
2018-05-14 15:58:13 +0000  2654 bytes for ./www/plugins/com.salesforce/www/com.salesforce.util.bootstrap.js
2018-05-14 15:58:13 +0000  copying file ./www/plugins/com.salesforce/www/com.salesforce.util.push.js ... 
2018-05-14 15:58:13 +0000  3200 bytes for ./www/plugins/com.salesforce/www/com.salesforce.util.push.js
2018-05-14 15:58:13 +0000  copying file ./www/plugins/com.salesforce/www/com.salesforce.plugin.smartstore.js ... 
2018-05-14 15:58:13 +0000  23456 bytes for ./www/plugins/com.salesforce/www/com.salesforce.plugin.smartstore.js
2018-05-14 15:58:13 +0000  copying file ./www/plugins/com.salesforce/www/com.salesforce.plugin.sdkinfo.js ... 
2018-05-14 15:58:13 +0000  2992 bytes for ./www/plugins/com.salesforce/www/com.salesforce.plugin.sdkinfo.js
2018-05-14 15:58:13 +0000  copying file ./www/plugins/com.salesforce/www/com.salesforce.util.event.js ... 
2018-05-14 15:58:13 +0000  2572 bytes for ./www/plugins/com.salesforce/www/com.salesforce.util.event.js
2018-05-14 15:58:13 +0000  copying file ./www/plugins/cordova-plugin-advanced-http/www/angular-integration.js ... 
2018-05-14 15:58:13 +0000  3646 bytes for ./www/plugins/cordova-plugin-advanced-http/www/angular-integration.js
copying file ./www/plugins/cordova-plugin-advanced-http/www/cookie-handler.js ... 
2018-05-14 15:58:13 +0000  2092 bytes for ./www/plugins/cordova-plugin-advanced-http/www/cookie-handler.js
2018-05-14 15:58:13 +0000  copying file ./www/plugins/cordova-plugin-advanced-http/www/local-storage-store.js ... 
2018-05-14 15:58:13 +0000  5423 bytes for ./www/plugins/cordova-plugin-advanced-http/www/local-storage-store.js
2018-05-14 15:58:13 +0000  copying file ./www/plugins/cordova-plugin-advanced-http/www/advanced-http.js ... 
2018-05-14 15:58:13 +0000  12042 bytes for ./www/plugins/cordova-plugin-advanced-http/www/advanced-http.js
2018-05-14 15:58:13 +0000  copying file ./www/plugins/cordova-plugin-advanced-http/www/umd-tough-cookie.js ... 
2018-05-14 15:58:13 +0000  290827 bytes for ./www/plugins/cordova-plugin-advanced-http/www/umd-tough-cookie.js
2018-05-14 15:58:13 +0000  copying file ./www/plugins/cordova-plugin-advanced-http/www/lodash.js ... 
8271 bytes for ./www/plugins/cordova-plugin-advanced-http/www/lodash.js
2018-05-14 15:58:13 +0000  copying file ./www/plugins/es6-promise-plugin/www/promise.js ... 
2018-05-14 15:58:13 +0000  9479 bytes for ./www/plugins/es6-promise-plugin/www/promise.js
2018-05-14 15:58:13 +0000  copying file ./www/plugins/cordova-plugin-ionic-webview/src/www/ios/ios-wkwebview-exec.js ... 
2018-05-14 15:58:13 +0000  6167 bytes for ./www/plugins/cordova-plugin-ionic-webview/src/www/ios/ios-wkwebview-exec.js
2018-05-14 15:58:13 +0000  copying file ./www/plugins/cordova-plugin-inappbrowser/www/inappbrowser.js ... 
2018-05-14 15:58:13 +0000  4425 bytes for ./www/plugins/cordova-plugin-inappbrowser/www/inappbrowser.js
2018-05-14 15:58:13 +0000  copying file ./www/plugins/com.telerik.plugins.nativepagetransitions/www/NativePageTransitions.js ... 
2018-05-14 15:58:13 +0000  6944 bytes for ./www/plugins/com.telerik.plugins.nativepagetransitions/www/NativePageTransitions.js
2018-05-14 15:58:13 +0000  copying file ./www/plugins/cordova-plugin-device/www/device.js ... 
2018-05-14 15:58:13 +0000  3062 bytes for ./www/plugins/cordova-plugin-device/www/device.js
2018-05-14 15:58:13 +0000  copying file ./www/plugins/info.protonet.imageresizer/www/image_resizer.js ... 
2018-05-14 15:58:13 +0000  400 bytes for ./www/plugins/info.protonet.imageresizer/www/image_resizer.js
2018-05-14 15:58:13 +0000  copying file ./www/plugins/cordova-plugin-file-transfer/www/FileTransferError.js ... 
2018-05-14 15:58:13 +0000  1488 bytes for ./www/plugins/cordova-plugin-file-transfer/www/FileTransferError.js
2018-05-14 15:58:13 +0000  copying file ./www/plugins/cordova-plugin-file-transfer/www/FileTransfer.js ... 
2018-05-14 15:58:13 +0000  8568 bytes for ./www/plugins/cordova-plugin-file-transfer/www/FileTransfer.js
2018-05-14 15:58:13 +0000  copying file ./www/plugins/ionic-plugin-keyboard/www/ios/keyboard.js ... 
2018-05-14 15:58:13 +0000  1108 bytes for ./www/plugins/ionic-plugin-keyboard/www/ios/keyboard.js
2018-05-14 15:58:13 +0000  copying file ./www/plugins/phonegap-plugin-push/www/push.js ... 
2018-05-14 15:58:13 +0000  7132 bytes for ./www/plugins/phonegap-plugin-push/www/push.js
2018-05-14 15:58:13 +0000  copying file ./www/plugins/cordova-plugin-x-toast/test/tests.js ... 
2018-05-14 15:58:13 +0000  1845 bytes for ./www/plugins/cordova-plugin-x-toast/test/tests.js
2018-05-14 15:58:13 +0000  copying file ./www/plugins/cordova-plugin-x-toast/www/Toast.js ... 
2018-05-14 15:58:13 +0000  2727 bytes for ./www/plugins/cordova-plugin-x-toast/www/Toast.js
2018-05-14 15:58:13 +0000  copying file ./www/plugins/cordova-plugin-nativeview/www/plugin.nativeview.js ... 
2018-05-14 15:58:13 +0000  763 bytes for ./www/plugins/cordova-plugin-nativeview/www/plugin.nativeview.js
2018-05-14 15:58:13 +0000  copying file ./www/plugins/cordova-plugin-camera/www/CameraPopoverOptions.js ... 
2018-05-14 15:58:13 +0000  2296 bytes for ./www/plugins/cordova-plugin-camera/www/CameraPopoverOptions.js
2018-05-14 15:58:13 +0000  copying file ./www/plugins/cordova-plugin-camera/www/ios/CameraPopoverHandle.js ... 
2018-05-14 15:58:13 +0000  2271 bytes for ./www/plugins/cordova-plugin-camera/www/ios/CameraPopoverHandle.js
2018-05-14 15:58:13 +0000  copying file ./www/plugins/cordova-plugin-camera/www/CameraConstants.js ... 
2018-05-14 15:58:13 +0000  3488 bytes for ./www/plugins/cordova-plugin-camera/www/CameraConstants.js
2018-05-14 15:58:13 +0000  copying file ./www/plugins/cordova-plugin-camera/www/Camera.js ... 
2018-05-14 15:58:13 +0000  7994 bytes for ./www/plugins/cordova-plugin-camera/www/Camera.js
2018-05-14 15:58:13 +0000  copying file ./www/plugins/cordova-plugin-wkwebview-engine/src/www/ios/ios-wkwebview.js ... 
2018-05-14 15:58:13 +0000  1167 bytes for ./www/plugins/cordova-plugin-wkwebview-engine/src/www/ios/ios-wkwebview.js
2018-05-14 15:58:13 +0000  copying file ./www/plugins/cordova-plugin-wkwebview-engine/src/www/ios/ios-wkwebview-exec.js ... 
2018-05-14 15:58:13 +0000  6170 bytes for ./www/plugins/cordova-plugin-wkwebview-engine/src/www/ios/ios-wkwebview-exec.js
2018-05-14 15:58:13 +0000  copying file ./www/plugins/cordova-plugin-statusbar/www/statusbar.js ... 
2018-05-14 15:58:13 +0000  3376 bytes for ./www/plugins/cordova-plugin-statusbar/www/statusbar.js
2018-05-14 15:58:13 +0000  copying file ./www/plugins/cordova-plugin-splashscreen/www/splashscreen.js ... 
2018-05-14 15:58:13 +0000  1173 bytes for ./www/plugins/cordova-plugin-splashscreen/www/splashscreen.js
2018-05-14 15:58:13 +0000  copying file ./www/bootconfig.json ... 
2018-05-14 15:58:13 +0000  420 bytes for ./www/bootconfig.json
2018-05-14 15:58:13 +0000  copying file ./www/cordova-js-src/exec.js ... 
2018-05-14 15:58:13 +0000  8877 bytes for ./www/cordova-js-src/exec.js
2018-05-14 15:58:13 +0000  copying file ./www/cordova-js-src/plugin/ios/logger.js ... 
2018-05-14 15:58:13 +0000  10233 bytes for ./www/cordova-js-src/plugin/ios/logger.js
2018-05-14 15:58:13 +0000  copying file ./www/cordova-js-src/plugin/ios/console.js ... 
2018-05-14 15:58:13 +0000  6822 bytes for ./www/cordova-js-src/plugin/ios/console.js
2018-05-14 15:58:13 +0000  copying file ./www/cordova-js-src/platform.js ... 
2018-05-14 15:58:13 +0000  1168 bytes for ./www/cordova-js-src/platform.js
2018-05-14 15:58:13 +0000  copying file ./www/manifest.json ... 
2018-05-14 15:58:13 +0000  266 bytes for ./www/manifest.json
2018-05-14 15:58:13 +0000  copying file ./www/cordova_plugins.js ... 
2018-05-14 15:58:13 +0000  13761 bytes for ./www/cordova_plugins.js
2018-05-14 15:58:13 +0000  copying file ./www/service-worker.js ... 
2018-05-14 15:58:13 +0000  741 bytes for ./www/service-worker.js
2018-05-14 15:58:13 +0000  copying file ./www/build/main.js.map ... 
2018-05-14 15:58:13 +0000  104631 bytes for ./www/build/main.js.map
2018-05-14 15:58:13 +0000  copying file ./www/build/main.css.map ... 
2018-05-14 15:58:13 +0000  4 bytes for ./www/build/main.css.map
2018-05-14 15:58:13 +0000  copying file ./www/build/polyfills.js ... 
2018-05-14 15:58:13 +0000  97180 bytes for ./www/build/polyfills.js
2018-05-14 15:58:13 +0000  copying file ./www/build/main.css ... 
2018-05-14 15:58:13 +0000  505068 bytes for ./www/build/main.css
2018-05-14 15:58:13 +0000  copying file ./www/build/vendor.js ... 
2018-05-14 15:58:13 +0000  4597411 bytes for ./www/build/vendor.js
2018-05-14 15:58:13 +0000  copying file ./www/build/main.js ... 
109178 bytes for ./www/build/main.js
copying file ./www/build/sw-toolbox.js ... 
15793 bytes for ./www/build/sw-toolbox.js
copying file ./www/build/vendor.js.map ... 
2018-05-14 15:58:13 +0000  5353682 bytes for ./www/build/vendor.js.map
2018-05-14 15:58:13 +0000  copying file ./www/assets/imgs/rml-wood-blur.jpg ... 
22963 bytes for ./www/assets/imgs/rml-wood-blur.jpg
copying file ./www/assets/imgs/logo.png ... 
39757 bytes for ./www/assets/imgs/logo.png
copying file ./www/assets/imgs/rml-wood.jpg ... 
137326 bytes for ./www/assets/imgs/rml-wood.jpg
copying file ./www/assets/icon/favicon.ico ... 
1981 bytes for ./www/assets/icon/favicon.ico
copying file ./www/assets/fonts/roboto-medium.ttf ... 
19752 bytes for ./www/assets/fonts/roboto-medium.ttf
copying file ./www/assets/fonts/roboto-light.woff2 ... 
10220 bytes for ./www/assets/fonts/roboto-light.woff2
copying file ./www/assets/fonts/roboto-light.ttf ... 
19908 bytes for ./www/assets/fonts/roboto-light.ttf
copying file ./www/assets/fonts/roboto-regular.woff2 ... 
10196 bytes for ./www/assets/fonts/roboto-regular.woff2
copying file ./www/assets/fonts/roboto-regular.woff ... 
13308 bytes for ./www/assets/fonts/roboto-regular.woff
copying file ./www/assets/fonts/noto-sans-bold.ttf ... 
415132 bytes for ./www/assets/fonts/noto-sans-bold.ttf
copying file ./www/assets/fonts/ionicons.eot ... 
144114 bytes for ./www/assets/fonts/ionicons.eot
copying file ./www/assets/fonts/noto-sans-bold.woff ... 
211888 bytes for ./www/assets/fonts/noto-sans-bold.woff
copying file ./www/assets/fonts/roboto-light.woff ... 
13360 bytes for ./www/assets/fonts/roboto-light.woff
copying file ./www/assets/fonts/roboto-medium.woff2 ... 
10192 bytes for ./www/assets/fonts/roboto-medium.woff2
copying file ./www/assets/fonts/ionicons.woff ... 
80356 bytes for ./www/assets/fonts/ionicons.woff
copying file ./www/assets/fonts/roboto-regular.ttf ... 
19876 bytes for ./www/assets/fonts/roboto-regular.ttf
copying file ./www/assets/fonts/ionicons.ttf ... 
143936 bytes for ./www/assets/fonts/ionicons.ttf
copying file ./www/assets/fonts/roboto-bold.woff2 ... 
10212 bytes for ./www/assets/fonts/roboto-bold.woff2
copying file ./www/assets/fonts/noto-sans.scss ... 
1282 bytes for ./www/assets/fonts/noto-sans.scss
copying file ./www/assets/fonts/roboto.scss ... 
1458 bytes for ./www/assets/fonts/roboto.scss
copying file ./www/assets/fonts/noto-sans-regular.woff ... 
212780 bytes for ./www/assets/fonts/noto-sans-regular.woff
copying file ./www/assets/fonts/roboto-medium.woff ... 
13248 bytes for ./www/assets/fonts/roboto-medium.woff
copying file ./www/assets/fonts/roboto-bold.woff ... 
13348 bytes for ./www/assets/fonts/roboto-bold.woff
copying file ./www/assets/fonts/noto-sans-regular.ttf ... 
414820 bytes for ./www/assets/fonts/noto-sans-regular.ttf
copying file ./www/assets/fonts/ionicons.svg ... 
400219 bytes for ./www/assets/fonts/ionicons.svg
copying file ./www/assets/fonts/roboto-bold.ttf ... 
20040 bytes for ./www/assets/fonts/roboto-bold.ttf
copying file ./www/assets/fonts/ionicons.woff2 ... 
61020 bytes for ./www/assets/fonts/ionicons.woff2
copying file ./www/assets/fonts/ionicons.scss ... 
1152 bytes for ./www/assets/fonts/ionicons.scss
copying file ./www/wk-plugin.js ... 
1779 bytes for ./www/wk-plugin.js
copying file ./LaunchImage-700-Portrait~ipad.png ... 
43322 bytes for ./LaunchImage-700-Portrait~ipad.png
2018-05-14 15:58:13 +0000  copying file ./SalesforceSDKResources.bundle/en.lproj/Localizable.strings ... 
5760 bytes for ./SalesforceSDKResources.bundle/en.lproj/Localizable.strings
copying file ./Assets.car ... 
329304 bytes for ./Assets.car
copying file ./AppIcon40x40@2x~ipad.png ... 
5791 bytes for ./AppIcon40x40@2x~ipad.png
copying file ./AppIcon76x76@2x~ipad.png ... 
10986 bytes for ./AppIcon76x76@2x~ipad.png
copying file ./AppIcon72x72~ipad.png ... 
5130 bytes for ./AppIcon72x72~ipad.png
copying file ./CDVLaunchScreen.storyboardc/01J-lp-oVM-view-Ze5-6b-2t3.nib ... 
2284 bytes for ./CDVLaunchScreen.storyboardc/01J-lp-oVM-view-Ze5-6b-2t3.nib
copying file ./CDVLaunchScreen.storyboardc/UIViewController-01J-lp-oVM.nib ... 
832 bytes for ./CDVLaunchScreen.storyboardc/UIViewController-01J-lp-oVM.nib
copying file ./CDVLaunchScreen.storyboardc/Info.plist ... 
258 bytes for ./CDVLaunchScreen.storyboardc/Info.plist
copying file ./AppIcon83.5x83.5@2x~ipad.png ... 
17373 bytes for ./AppIcon83.5x83.5@2x~ipad.png
copying file ./AppIcon50x50~ipad.png ... 
3410 bytes for ./AppIcon50x50~ipad.png
copying file ./SFInspection ... 
2018-05-14 15:58:13 +0000  7788720 bytes for ./SFInspection
copying file ./AppIcon29x29@2x~ipad.png ... 
2018-05-14 15:58:13 +0000  2018-05-14 15:58:13 +0000  /usr/bin/ditto exited with 0

2018-05-14 15:58:13 +0000  4111 bytes for ./AppIcon29x29@2x~ipad.png
copying file ./LaunchImage-700-Landscape@2x~ipad.png ... 
63378 bytes for ./LaunchImage-700-Landscape@2x~ipad.png
copying file ./AppIcon50x50@2x~ipad.png ... 
7265 bytes for ./AppIcon50x50@2x~ipad.png
copying file ./AppIcon40x40~ipad.png ... 
2927 bytes for ./AppIcon40x40~ipad.png
copying file ./AppIcon20x20~ipad.png ... 
1471 bytes for ./AppIcon20x20~ipad.png
copying file ./embedded.mobileprovision ... 
15962 bytes for ./embedded.mobileprovision
copying file ./LaunchImage-700-Portrait@2x~ipad.png ... 
63106 bytes for ./LaunchImage-700-Portrait@2x~ipad.png
copying file ./LaunchImage-700-Landscape~ipad.png ... 
43563 bytes for ./LaunchImage-700-Landscape~ipad.png
copying file ./AppIcon20x20@2x~ipad.png ... 
2927 bytes for ./AppIcon20x20@2x~ipad.png
copying file ./Info.plist ... 
2038 bytes for ./Info.plist
copying file ./PkgInfo ... 
8 bytes for ./PkgInfo
copying file ./AppIcon76x76~ipad.png ... 
5538 bytes for ./AppIcon76x76~ipad.png
2018-05-14 15:58:13 +0000  Processing step: IDEDistributionEmbedProfileStep
2018-05-14 15:58:13 +0000  Processing step: IDEDistributionAppThinningPlistStep
2018-05-14 15:58:13 +0000  Skipping step: IDEDistributionAppThinningPlistStep because it said so
2018-05-14 15:58:13 +0000  Processing step: IDEDistributionCompileBitcodeStep
2018-05-14 15:58:13 +0000  Skipping step: IDEDistributionCompileBitcodeStep because it said so
2018-05-14 15:58:13 +0000  Processing step: IDEDistributionCodeSlimmingStep
2018-05-14 15:58:13 +0000  Processing step: IDEDistributionCopyBCSymbolMapsStep
2018-05-14 15:58:13 +0000  Skipping step: IDEDistributionCopyBCSymbolMapsStep because it said so
2018-05-14 15:58:13 +0000  Processing step: IDEDistributionSymbolsStep
2018-05-14 15:58:13 +0000  Skipping step: IDEDistributionSymbolsStep because it said so
2018-05-14 15:58:13 +0000  Processing step: IDEDistributionAppThinningStep
2018-05-14 15:58:13 +0000  Skipping step: IDEDistributionAppThinningStep because it said so
2018-05-14 15:58:13 +0000  Processing step: IDEDistributionODRStep
2018-05-14 15:58:13 +0000  Processing step: IDEDistributionStripXattrsStep
2018-05-14 15:58:13 +0000  Running /usr/bin/xattr '-crs' '/var/folders/hy/xm2d090d3xqfyy9108_z2l380000gn/T/XcodeDistPipeline.ijR/Root/Payload/SFInspection.app'
2018-05-14 15:58:13 +0000  
2018-05-14 15:58:13 +0000  
2018-05-14 15:58:13 +0000  /usr/bin/xattr exited with 0
2018-05-14 15:58:13 +0000  2018-05-14 15:58:13 +0000  

2018-05-14 15:58:13 +0000  Processing step: IDEDistributionCodesignStep
2018-05-14 15:58:13 +0000  Entitlements for <IDEDistributionItem: 0x7f844352b9c0 's.sopon.SFInspection' '<DVTFilePath:0x7f843568a4e0:'/Users/bonshington/Library/Developer/Xcode/Archives/2018-05-14/SFInspection 14-5-18 22.54.xcarchive/Products/Applications/SFInspection.app'>'>: {
    "application-identifier" = "NEYSD6N9XR.s.sopon.SFInspection";
    "aps-environment" = production;
    "com.apple.developer.team-identifier" = NEYSD6N9XR;
    "get-task-allow" = 0;
}
2018-05-14 15:58:13 +0000  Writing entitlements for <IDEDistributionItem: 0x7f844352b9c0 's.sopon.SFInspection' '<DVTFilePath:0x7f843568a4e0:'/Users/bonshington/Library/Developer/Xcode/Archives/2018-05-14/SFInspection 14-5-18 22.54.xcarchive/Products/Applications/SFInspection.app'>'> to: /var/folders/hy/xm2d090d3xqfyy9108_z2l380000gn/T/XcodeDistPipeline.ijR/entitlementsZV6xYM
2018-05-14 15:58:13 +0000  Running /usr/bin/codesign '-vvv' '--force' '--sign' '5B4D8B276A65AC45AC0B7E11BAF39947DE5AD690' '--preserve-metadata=identifier,flags' '--entitlements' '/var/folders/hy/xm2d090d3xqfyy9108_z2l380000gn/T/XcodeDistPipeline.ijR/entitlementsZV6xYM' '/var/folders/hy/xm2d090d3xqfyy9108_z2l380000gn/T/XcodeDistPipeline.ijR/Root/Payload/SFInspection.app'
2018-05-14 15:58:13 +0000  /var/folders/hy/xm2d090d3xqfyy9108_z2l380000gn/T/XcodeDistPipeline.ijR/Root/Payload/SFInspection.app: replacing existing signature
2018-05-14 15:58:14 +0000  /var/folders/hy/xm2d090d3xqfyy9108_z2l380000gn/T/XcodeDistPipeline.ijR/Root/Payload/SFInspection.app: signed app bundle with Mach-O universal (armv7 arm64) [s.sopon.SFInspection]
2018-05-14 15:58:14 +0000  
2018-05-14 15:58:14 +0000  2018-05-14 15:58:14 +0000  /usr/bin/codesign exited with 0

2018-05-14 15:58:14 +0000  
2018-05-14 15:58:14 +0000  Processing step: IDEDistributionStreamingZipItemStep
2018-05-14 15:58:14 +0000  Skipping step: IDEDistributionStreamingZipItemStep because it said so
2018-05-14 15:58:14 +0000  Processing step: IDEDistributionCreateIPAStep
2018-05-14 15:58:14 +0000  Running /usr/bin/ditto '-V' '-c' '-k' '--norsrc' '/var/folders/hy/xm2d090d3xqfyy9108_z2l380000gn/T/XcodeDistPipeline.ijR/Root' '/var/folders/hy/xm2d090d3xqfyy9108_z2l380000gn/T/XcodeDistPipeline.ijR/Packages/SFInspection.ipa'
2018-05-14 15:58:14 +0000  >>> Copying /var/folders/hy/xm2d090d3xqfyy9108_z2l380000gn/T/XcodeDistPipeline.ijR/Root 
2018-05-14 15:58:14 +0000  copying file ./Payload/SFInspection.app/_CodeSignature/CodeResources ... 
2018-05-14 15:58:14 +0000  56014 bytes for ./Payload/SFInspection.app/_CodeSignature/CodeResources
2018-05-14 15:58:14 +0000  copying file ./Payload/SFInspection.app/AppIcon20x20@2x.png ... 
2018-05-14 15:58:14 +0000  2927 bytes for ./Payload/SFInspection.app/AppIcon20x20@2x.png
copying file ./Payload/SFInspection.app/MainViewController.nib ... 
2018-05-14 15:58:14 +0000  943 bytes for ./Payload/SFInspection.app/MainViewController.nib
copying file ./Payload/SFInspection.app/AppIcon57x57.png ... 
2018-05-14 15:58:14 +0000  3916 bytes for ./Payload/SFInspection.app/AppIcon57x57.png
copying file ./Payload/SFInspection.app/AppIcon20x20@3x.png ... 
2018-05-14 15:58:14 +0000  4467 bytes for ./Payload/SFInspection.app/AppIcon20x20@3x.png
2018-05-14 15:58:14 +0000  copying file ./Payload/SFInspection.app/AppIcon29x29.png ... 
2018-05-14 15:58:14 +0000  2019 bytes for ./Payload/SFInspection.app/AppIcon29x29.png
copying file ./Payload/SFInspection.app/AppIcon60x60@2x.png ... 
2018-05-14 15:58:14 +0000  8599 bytes for ./Payload/SFInspection.app/AppIcon60x60@2x.png
2018-05-14 15:58:14 +0000  copying file ./Payload/SFInspection.app/AppIcon72x72@2x~ipad.png ... 
2018-05-14 15:58:14 +0000  10303 bytes for ./Payload/SFInspection.app/AppIcon72x72@2x~ipad.png
2018-05-14 15:58:14 +0000  copying file ./Payload/SFInspection.app/AppIcon29x29@2x.png ... 
2018-05-14 15:58:14 +0000  4111 bytes for ./Payload/SFInspection.app/AppIcon29x29@2x.png
copying file ./Payload/SFInspection.app/AppIcon40x40@3x.png ... 
2018-05-14 15:58:14 +0000  8599 bytes for ./Payload/SFInspection.app/AppIcon40x40@3x.png
2018-05-14 15:58:14 +0000  copying file ./Payload/SFInspection.app/AppIcon57x57@2x.png ... 
2018-05-14 15:58:14 +0000  8272 bytes for ./Payload/SFInspection.app/AppIcon57x57@2x.png
2018-05-14 15:58:14 +0000  copying file ./Payload/SFInspection.app/AppIcon29x29~ipad.png ... 
2018-05-14 15:58:14 +0000  2019 bytes for ./Payload/SFInspection.app/AppIcon29x29~ipad.png
copying file ./Payload/SFInspection.app/AppIcon40x40@2x.png ... 
2018-05-14 15:58:14 +0000  5791 bytes for ./Payload/SFInspection.app/AppIcon40x40@2x.png
2018-05-14 15:58:14 +0000  copying file ./Payload/SFInspection.app/PZInspection.storyboardc/uJi-h9-9uZ-view-SzF-FT-ntH.nib/objects-11.0+.nib ... 
2018-05-14 15:58:14 +0000  6119 bytes for ./Payload/SFInspection.app/PZInspection.storyboardc/uJi-h9-9uZ-view-SzF-FT-ntH.nib/objects-11.0+.nib
2018-05-14 15:58:14 +0000  copying file ./Payload/SFInspection.app/PZInspection.storyboardc/uJi-h9-9uZ-view-SzF-FT-ntH.nib/runtime.nib ... 
2018-05-14 15:58:14 +0000  6258 bytes for ./Payload/SFInspection.app/PZInspection.storyboardc/uJi-h9-9uZ-view-SzF-FT-ntH.nib/runtime.nib
2018-05-14 15:58:14 +0000  copying file ./Payload/SFInspection.app/PZInspection.storyboardc/l3r-uo-64a-view-4lu-as-5fb.nib/objects-11.0+.nib ... 
2018-05-14 15:58:14 +0000  2699 bytes for ./Payload/SFInspection.app/PZInspection.storyboardc/l3r-uo-64a-view-4lu-as-5fb.nib/objects-11.0+.nib
copying file ./Payload/SFInspection.app/PZInspection.storyboardc/l3r-uo-64a-view-4lu-as-5fb.nib/runtime.nib ... 
2018-05-14 15:58:14 +0000  3534 bytes for ./Payload/SFInspection.app/PZInspection.storyboardc/l3r-uo-64a-view-4lu-as-5fb.nib/runtime.nib
2018-05-14 15:58:14 +0000  copying file ./Payload/SFInspection.app/PZInspection.storyboardc/PZInspectionViewController.nib/objects-11.0+.nib ... 
2018-05-14 15:58:14 +0000  3103 bytes for ./Payload/SFInspection.app/PZInspection.storyboardc/PZInspectionViewController.nib/objects-11.0+.nib
2018-05-14 15:58:14 +0000  copying file ./Payload/SFInspection.app/PZInspection.storyboardc/PZInspectionViewController.nib/runtime.nib ... 
2018-05-14 15:58:14 +0000  3103 bytes for ./Payload/SFInspection.app/PZInspection.storyboardc/PZInspectionViewController.nib/runtime.nib
2018-05-14 15:58:14 +0000  copying file ./Payload/SFInspection.app/PZInspection.storyboardc/Info.plist ... 
197 bytes for ./Payload/SFInspection.app/PZInspection.storyboardc/Info.plist
2018-05-14 15:58:14 +0000  copying file ./Payload/SFInspection.app/PZInspection.storyboardc/drawPad.nib/objects-11.0+.nib ... 
2018-05-14 15:58:14 +0000  1015 bytes for ./Payload/SFInspection.app/PZInspection.storyboardc/drawPad.nib/objects-11.0+.nib
copying file ./Payload/SFInspection.app/PZInspection.storyboardc/drawPad.nib/runtime.nib ... 
2018-05-14 15:58:14 +0000  1015 bytes for ./Payload/SFInspection.app/PZInspection.storyboardc/drawPad.nib/runtime.nib
2018-05-14 15:58:14 +0000  copying file ./Payload/SFInspection.app/PZInspection.storyboardc/egq-Tv-Hku-view-3SF-af-wJD.nib/objects-11.0+.nib ... 
2018-05-14 15:58:14 +0000  11769 bytes for ./Payload/SFInspection.app/PZInspection.storyboardc/egq-Tv-Hku-view-3SF-af-wJD.nib/objects-11.0+.nib
2018-05-14 15:58:14 +0000  copying file ./Payload/SFInspection.app/PZInspection.storyboardc/egq-Tv-Hku-view-3SF-af-wJD.nib/runtime.nib ... 
2018-05-14 15:58:14 +0000  11909 bytes for ./Payload/SFInspection.app/PZInspection.storyboardc/egq-Tv-Hku-view-3SF-af-wJD.nib/runtime.nib
2018-05-14 15:58:14 +0000  copying file ./Payload/SFInspection.app/AppIcon29x29@3x.png ... 
2018-05-14 15:58:14 +0000  6292 bytes for ./Payload/SFInspection.app/AppIcon29x29@3x.png
2018-05-14 15:58:14 +0000  copying file ./Payload/SFInspection.app/AppIcon60x60@3x.png ... 
2018-05-14 15:58:14 +0000  12834 bytes for ./Payload/SFInspection.app/AppIcon60x60@3x.png
2018-05-14 15:58:14 +0000  copying file ./Payload/SFInspection.app/config.xml ... 
2018-05-14 15:58:14 +0000  9237 bytes for ./Payload/SFInspection.app/config.xml
2018-05-14 15:58:14 +0000  copying file ./Payload/SFInspection.app/www/index.html ... 
2018-05-14 15:58:14 +0000  2044 bytes for ./Payload/SFInspection.app/www/index.html
copying file ./Payload/SFInspection.app/www/cordova.js ... 
2018-05-14 15:58:14 +0000  78044 bytes for ./Payload/SFInspection.app/www/cordova.js
2018-05-14 15:58:14 +0000  copying file ./Payload/SFInspection.app/www/plugins/my-cordova-plugin/www/plugin.js ... 
2018-05-14 15:58:14 +0000  388 bytes for ./Payload/SFInspection.app/www/plugins/my-cordova-plugin/www/plugin.js
2018-05-14 15:58:14 +0000  copying file ./Payload/SFInspection.app/www/plugins/cordova-plugin-file/www/requestFileSystem.js ... 
2018-05-14 15:58:14 +0000  3244 bytes for ./Payload/SFInspection.app/www/plugins/cordova-plugin-file/www/requestFileSystem.js
2018-05-14 15:58:14 +0000  copying file ./Payload/SFInspection.app/www/plugins/cordova-plugin-file/www/DirectoryEntry.js ... 
2018-05-14 15:58:14 +0000  4681 bytes for ./Payload/SFInspection.app/www/plugins/cordova-plugin-file/www/DirectoryEntry.js
copying file ./Payload/SFInspection.app/www/plugins/cordova-plugin-file/www/FileSystem.js ... 
2018-05-14 15:58:14 +0000  1960 bytes for ./Payload/SFInspection.app/www/plugins/cordova-plugin-file/www/FileSystem.js
copying file ./Payload/SFInspection.app/www/plugins/cordova-plugin-file/www/Flags.js ... 
2018-05-14 15:58:14 +0000  1336 bytes for ./Payload/SFInspection.app/www/plugins/cordova-plugin-file/www/Flags.js
copying file ./Payload/SFInspection.app/www/plugins/cordova-plugin-file/www/fileSystemPaths.js ... 
2018-05-14 15:58:14 +0000  2548 bytes for ./Payload/SFInspection.app/www/plugins/cordova-plugin-file/www/fileSystemPaths.js
copying file ./Payload/SFInspection.app/www/plugins/cordova-plugin-file/www/FileEntry.js ... 
2018-05-14 15:58:14 +0000  3423 bytes for ./Payload/SFInspection.app/www/plugins/cordova-plugin-file/www/FileEntry.js
copying file ./Payload/SFInspection.app/www/plugins/cordova-plugin-file/www/fileSystems.js ... 
2018-05-14 15:58:14 +0000  1047 bytes for ./Payload/SFInspection.app/www/plugins/cordova-plugin-file/www/fileSystems.js
2018-05-14 15:58:14 +0000  copying file ./Payload/SFInspection.app/www/plugins/cordova-plugin-file/www/DirectoryReader.js ... 
2018-05-14 15:58:14 +0000  2724 bytes for ./Payload/SFInspection.app/www/plugins/cordova-plugin-file/www/DirectoryReader.js
copying file ./Payload/SFInspection.app/www/plugins/cordova-plugin-file/www/Metadata.js ... 
1488 bytes for ./Payload/SFInspection.app/www/plugins/cordova-plugin-file/www/Metadata.js
2018-05-14 15:58:14 +0000  copying file ./Payload/SFInspection.app/www/plugins/cordova-plugin-file/www/ios/FileSystem.js ... 
1222 bytes for ./Payload/SFInspection.app/www/plugins/cordova-plugin-file/www/ios/FileSystem.js
2018-05-14 15:58:14 +0000  copying file ./Payload/SFInspection.app/www/plugins/cordova-plugin-file/www/browser/isChrome.js ... 
2018-05-14 15:58:14 +0000  1232 bytes for ./Payload/SFInspection.app/www/plugins/cordova-plugin-file/www/browser/isChrome.js
2018-05-14 15:58:14 +0000  copying file ./Payload/SFInspection.app/www/plugins/cordova-plugin-file/www/LocalFileSystem.js ... 
2018-05-14 15:58:14 +0000  957 bytes for ./Payload/SFInspection.app/www/plugins/cordova-plugin-file/www/LocalFileSystem.js
copying file ./Payload/SFInspection.app/www/plugins/cordova-plugin-file/www/FileReader.js ... 
2018-05-14 15:58:14 +0000  10523 bytes for ./Payload/SFInspection.app/www/plugins/cordova-plugin-file/www/FileReader.js
2018-05-14 15:58:14 +0000  copying file ./Payload/SFInspection.app/www/plugins/cordova-plugin-file/www/fileSystems-roots.js ... 
2018-05-14 15:58:14 +0000  1598 bytes for ./Payload/SFInspection.app/www/plugins/cordova-plugin-file/www/fileSystems-roots.js
copying file ./Payload/SFInspection.app/www/plugins/cordova-plugin-file/www/FileUploadOptions.js ... 
2018-05-14 15:58:14 +0000  1831 bytes for ./Payload/SFInspection.app/www/plugins/cordova-plugin-file/www/FileUploadOptions.js
copying file ./Payload/SFInspection.app/www/plugins/cordova-plugin-file/www/FileWriter.js ... 
2018-05-14 15:58:14 +0000  10544 bytes for ./Payload/SFInspection.app/www/plugins/cordova-plugin-file/www/FileWriter.js
2018-05-14 15:58:14 +0000  copying file ./Payload/SFInspection.app/www/plugins/cordova-plugin-file/www/FileError.js ... 
2018-05-14 15:58:14 +0000  1483 bytes for ./Payload/SFInspection.app/www/plugins/cordova-plugin-file/www/FileError.js
copying file ./Payload/SFInspection.app/www/plugins/cordova-plugin-file/www/FileUploadResult.js ... 
2018-05-14 15:58:14 +0000  1111 bytes for ./Payload/SFInspection.app/www/plugins/cordova-plugin-file/www/FileUploadResult.js
copying file ./Payload/SFInspection.app/www/plugins/cordova-plugin-file/www/ProgressEvent.js ... 
2018-05-14 15:58:14 +0000  2544 bytes for ./Payload/SFInspection.app/www/plugins/cordova-plugin-file/www/ProgressEvent.js
copying file ./Payload/SFInspection.app/www/plugins/cordova-plugin-file/www/File.js ... 
2018-05-14 15:58:14 +0000  2714 bytes for ./Payload/SFInspection.app/www/plugins/cordova-plugin-file/www/File.js
2018-05-14 15:58:14 +0000  copying file ./Payload/SFInspection.app/www/plugins/cordova-plugin-file/www/resolveLocalFileSystemURI.js ... 
2018-05-14 15:58:14 +0000  4325 bytes for ./Payload/SFInspection.app/www/plugins/cordova-plugin-file/www/resolveLocalFileSystemURI.js
copying file ./Payload/SFInspection.app/www/plugins/cordova-plugin-file/www/Entry.js ... 
2018-05-14 15:58:14 +0000  9869 bytes for ./Payload/SFInspection.app/www/plugins/cordova-plugin-file/www/Entry.js
2018-05-14 15:58:14 +0000  copying file ./Payload/SFInspection.app/www/plugins/com.salesforce/www/com.salesforce.plugin.smartsync.js ... 
2018-05-14 15:58:14 +0000  8674 bytes for ./Payload/SFInspection.app/www/plugins/com.salesforce/www/com.salesforce.plugin.smartsync.js
2018-05-14 15:58:14 +0000  copying file ./Payload/SFInspection.app/www/plugins/com.salesforce/www/com.salesforce.util.logger.js ... 
2018-05-14 15:58:14 +0000  4292 bytes for ./Payload/SFInspection.app/www/plugins/com.salesforce/www/com.salesforce.util.logger.js
copying file ./Payload/SFInspection.app/www/plugins/com.salesforce/www/com.salesforce.plugin.smartstore.client.js ... 
2018-05-14 15:58:14 +0000  4266 bytes for ./Payload/SFInspection.app/www/plugins/com.salesforce/www/com.salesforce.plugin.smartstore.client.js
2018-05-14 15:58:14 +0000  copying file ./Payload/SFInspection.app/www/plugins/com.salesforce/www/com.salesforce.util.exec.js ... 
2018-05-14 15:58:14 +0000  2493 bytes for ./Payload/SFInspection.app/www/plugins/com.salesforce/www/com.salesforce.util.exec.js
copying file ./Payload/SFInspection.app/www/plugins/com.salesforce/www/com.salesforce.util.promiser.js ... 
2018-05-14 15:58:14 +0000  3082 bytes for ./Payload/SFInspection.app/www/plugins/com.salesforce/www/com.salesforce.util.promiser.js
copying file ./Payload/SFInspection.app/www/plugins/com.salesforce/www/com.salesforce.plugin.oauth.js ... 
2018-05-14 15:58:14 +0000  4516 bytes for ./Payload/SFInspection.app/www/plugins/com.salesforce/www/com.salesforce.plugin.oauth.js
2018-05-14 15:58:14 +0000  copying file ./Payload/SFInspection.app/www/plugins/com.salesforce/www/com.salesforce.plugin.sfaccountmanager.js ... 
2018-05-14 15:58:14 +0000  4969 bytes for ./Payload/SFInspection.app/www/plugins/com.salesforce/www/com.salesforce.plugin.sfaccountmanager.js
copying file ./Payload/SFInspection.app/www/plugins/com.salesforce/www/com.salesforce.plugin.network.js ... 
2018-05-14 15:58:14 +0000  2789 bytes for ./Payload/SFInspection.app/www/plugins/com.salesforce/www/com.salesforce.plugin.network.js
copying file ./Payload/SFInspection.app/www/plugins/com.salesforce/www/com.salesforce.util.bootstrap.js ... 
2018-05-14 15:58:14 +0000  2654 bytes for ./Payload/SFInspection.app/www/plugins/com.salesforce/www/com.salesforce.util.bootstrap.js
2018-05-14 15:58:14 +0000  copying file ./Payload/SFInspection.app/www/plugins/com.salesforce/www/com.salesforce.util.push.js ... 
2018-05-14 15:58:14 +0000  3200 bytes for ./Payload/SFInspection.app/www/plugins/com.salesforce/www/com.salesforce.util.push.js
copying file ./Payload/SFInspection.app/www/plugins/com.salesforce/www/com.salesforce.plugin.smartstore.js ... 
2018-05-14 15:58:14 +0000  23456 bytes for ./Payload/SFInspection.app/www/plugins/com.salesforce/www/com.salesforce.plugin.smartstore.js
2018-05-14 15:58:14 +0000  copying file ./Payload/SFInspection.app/www/plugins/com.salesforce/www/com.salesforce.plugin.sdkinfo.js ... 
2018-05-14 15:58:14 +0000  2992 bytes for ./Payload/SFInspection.app/www/plugins/com.salesforce/www/com.salesforce.plugin.sdkinfo.js
copying file ./Payload/SFInspection.app/www/plugins/com.salesforce/www/com.salesforce.util.event.js ... 
2018-05-14 15:58:14 +0000  2572 bytes for ./Payload/SFInspection.app/www/plugins/com.salesforce/www/com.salesforce.util.event.js
2018-05-14 15:58:14 +0000  copying file ./Payload/SFInspection.app/www/plugins/cordova-plugin-advanced-http/www/angular-integration.js ... 
2018-05-14 15:58:14 +0000  3646 bytes for ./Payload/SFInspection.app/www/plugins/cordova-plugin-advanced-http/www/angular-integration.js
2018-05-14 15:58:14 +0000  copying file ./Payload/SFInspection.app/www/plugins/cordova-plugin-advanced-http/www/cookie-handler.js ... 
2018-05-14 15:58:14 +0000  2092 bytes for ./Payload/SFInspection.app/www/plugins/cordova-plugin-advanced-http/www/cookie-handler.js
copying file ./Payload/SFInspection.app/www/plugins/cordova-plugin-advanced-http/www/local-storage-store.js ... 
2018-05-14 15:58:14 +0000  5423 bytes for ./Payload/SFInspection.app/www/plugins/cordova-plugin-advanced-http/www/local-storage-store.js
2018-05-14 15:58:14 +0000  copying file ./Payload/SFInspection.app/www/plugins/cordova-plugin-advanced-http/www/advanced-http.js ... 
2018-05-14 15:58:14 +0000  12042 bytes for ./Payload/SFInspection.app/www/plugins/cordova-plugin-advanced-http/www/advanced-http.js
2018-05-14 15:58:14 +0000  copying file ./Payload/SFInspection.app/www/plugins/cordova-plugin-advanced-http/www/umd-tough-cookie.js ... 
2018-05-14 15:58:14 +0000  290827 bytes for ./Payload/SFInspection.app/www/plugins/cordova-plugin-advanced-http/www/umd-tough-cookie.js
copying file ./Payload/SFInspection.app/www/plugins/cordova-plugin-advanced-http/www/lodash.js ... 
2018-05-14 15:58:14 +0000  8271 bytes for ./Payload/SFInspection.app/www/plugins/cordova-plugin-advanced-http/www/lodash.js
2018-05-14 15:58:14 +0000  copying file ./Payload/SFInspection.app/www/plugins/es6-promise-plugin/www/promise.js ... 
2018-05-14 15:58:14 +0000  9479 bytes for ./Payload/SFInspection.app/www/plugins/es6-promise-plugin/www/promise.js
2018-05-14 15:58:14 +0000  copying file ./Payload/SFInspection.app/www/plugins/cordova-plugin-ionic-webview/src/www/ios/ios-wkwebview-exec.js ... 
2018-05-14 15:58:14 +0000  6167 bytes for ./Payload/SFInspection.app/www/plugins/cordova-plugin-ionic-webview/src/www/ios/ios-wkwebview-exec.js
2018-05-14 15:58:14 +0000  copying file ./Payload/SFInspection.app/www/plugins/cordova-plugin-inappbrowser/www/inappbrowser.js ... 
2018-05-14 15:58:14 +0000  4425 bytes for ./Payload/SFInspection.app/www/plugins/cordova-plugin-inappbrowser/www/inappbrowser.js
2018-05-14 15:58:14 +0000  copying file ./Payload/SFInspection.app/www/plugins/com.telerik.plugins.nativepagetransitions/www/NativePageTransitions.js ... 
2018-05-14 15:58:14 +0000  6944 bytes for ./Payload/SFInspection.app/www/plugins/com.telerik.plugins.nativepagetransitions/www/NativePageTransitions.js
2018-05-14 15:58:14 +0000  copying file ./Payload/SFInspection.app/www/plugins/cordova-plugin-device/www/device.js ... 
2018-05-14 15:58:14 +0000  3062 bytes for ./Payload/SFInspection.app/www/plugins/cordova-plugin-device/www/device.js
2018-05-14 15:58:14 +0000  copying file ./Payload/SFInspection.app/www/plugins/info.protonet.imageresizer/www/image_resizer.js ... 
2018-05-14 15:58:14 +0000  400 bytes for ./Payload/SFInspection.app/www/plugins/info.protonet.imageresizer/www/image_resizer.js
2018-05-14 15:58:14 +0000  copying file ./Payload/SFInspection.app/www/plugins/cordova-plugin-file-transfer/www/FileTransferError.js ... 
2018-05-14 15:58:14 +0000  1488 bytes for ./Payload/SFInspection.app/www/plugins/cordova-plugin-file-transfer/www/FileTransferError.js
2018-05-14 15:58:14 +0000  copying file ./Payload/SFInspection.app/www/plugins/cordova-plugin-file-transfer/www/FileTransfer.js ... 
2018-05-14 15:58:14 +0000  8568 bytes for ./Payload/SFInspection.app/www/plugins/cordova-plugin-file-transfer/www/FileTransfer.js
2018-05-14 15:58:14 +0000  copying file ./Payload/SFInspection.app/www/plugins/ionic-plugin-keyboard/www/ios/keyboard.js ... 
2018-05-14 15:58:14 +0000  1108 bytes for ./Payload/SFInspection.app/www/plugins/ionic-plugin-keyboard/www/ios/keyboard.js
2018-05-14 15:58:14 +0000  copying file ./Payload/SFInspection.app/www/plugins/phonegap-plugin-push/www/push.js ... 
2018-05-14 15:58:14 +0000  7132 bytes for ./Payload/SFInspection.app/www/plugins/phonegap-plugin-push/www/push.js
2018-05-14 15:58:14 +0000  copying file ./Payload/SFInspection.app/www/plugins/cordova-plugin-x-toast/test/tests.js ... 
2018-05-14 15:58:14 +0000  1845 bytes for ./Payload/SFInspection.app/www/plugins/cordova-plugin-x-toast/test/tests.js
2018-05-14 15:58:14 +0000  copying file ./Payload/SFInspection.app/www/plugins/cordova-plugin-x-toast/www/Toast.js ... 
2018-05-14 15:58:14 +0000  2727 bytes for ./Payload/SFInspection.app/www/plugins/cordova-plugin-x-toast/www/Toast.js
2018-05-14 15:58:14 +0000  copying file ./Payload/SFInspection.app/www/plugins/cordova-plugin-nativeview/www/plugin.nativeview.js ... 
2018-05-14 15:58:14 +0000  763 bytes for ./Payload/SFInspection.app/www/plugins/cordova-plugin-nativeview/www/plugin.nativeview.js
2018-05-14 15:58:14 +0000  copying file ./Payload/SFInspection.app/www/plugins/cordova-plugin-camera/www/CameraPopoverOptions.js ... 
2018-05-14 15:58:14 +0000  2296 bytes for ./Payload/SFInspection.app/www/plugins/cordova-plugin-camera/www/CameraPopoverOptions.js
2018-05-14 15:58:14 +0000  copying file ./Payload/SFInspection.app/www/plugins/cordova-plugin-camera/www/ios/CameraPopoverHandle.js ... 
2018-05-14 15:58:14 +0000  2271 bytes for ./Payload/SFInspection.app/www/plugins/cordova-plugin-camera/www/ios/CameraPopoverHandle.js
copying file ./Payload/SFInspection.app/www/plugins/cordova-plugin-camera/www/CameraConstants.js ... 
2018-05-14 15:58:14 +0000  3488 bytes for ./Payload/SFInspection.app/www/plugins/cordova-plugin-camera/www/CameraConstants.js
2018-05-14 15:58:14 +0000  copying file ./Payload/SFInspection.app/www/plugins/cordova-plugin-camera/www/Camera.js ... 
2018-05-14 15:58:14 +0000  7994 bytes for ./Payload/SFInspection.app/www/plugins/cordova-plugin-camera/www/Camera.js
2018-05-14 15:58:14 +0000  copying file ./Payload/SFInspection.app/www/plugins/cordova-plugin-wkwebview-engine/src/www/ios/ios-wkwebview.js ... 
2018-05-14 15:58:14 +0000  1167 bytes for ./Payload/SFInspection.app/www/plugins/cordova-plugin-wkwebview-engine/src/www/ios/ios-wkwebview.js
2018-05-14 15:58:14 +0000  copying file ./Payload/SFInspection.app/www/plugins/cordova-plugin-wkwebview-engine/src/www/ios/ios-wkwebview-exec.js ... 
2018-05-14 15:58:14 +0000  6170 bytes for ./Payload/SFInspection.app/www/plugins/cordova-plugin-wkwebview-engine/src/www/ios/ios-wkwebview-exec.js
2018-05-14 15:58:14 +0000  copying file ./Payload/SFInspection.app/www/plugins/cordova-plugin-statusbar/www/statusbar.js ... 
2018-05-14 15:58:14 +0000  3376 bytes for ./Payload/SFInspection.app/www/plugins/cordova-plugin-statusbar/www/statusbar.js
2018-05-14 15:58:14 +0000  copying file ./Payload/SFInspection.app/www/plugins/cordova-plugin-splashscreen/www/splashscreen.js ... 
2018-05-14 15:58:14 +0000  1173 bytes for ./Payload/SFInspection.app/www/plugins/cordova-plugin-splashscreen/www/splashscreen.js
2018-05-14 15:58:14 +0000  copying file ./Payload/SFInspection.app/www/bootconfig.json ... 
2018-05-14 15:58:14 +0000  420 bytes for ./Payload/SFInspection.app/www/bootconfig.json
copying file ./Payload/SFInspection.app/www/cordova-js-src/exec.js ... 
2018-05-14 15:58:14 +0000  8877 bytes for ./Payload/SFInspection.app/www/cordova-js-src/exec.js
2018-05-14 15:58:14 +0000  copying file ./Payload/SFInspection.app/www/cordova-js-src/plugin/ios/logger.js ... 
2018-05-14 15:58:14 +0000  10233 bytes for ./Payload/SFInspection.app/www/cordova-js-src/plugin/ios/logger.js
2018-05-14 15:58:14 +0000  copying file ./Payload/SFInspection.app/www/cordova-js-src/plugin/ios/console.js ... 
2018-05-14 15:58:14 +0000  6822 bytes for ./Payload/SFInspection.app/www/cordova-js-src/plugin/ios/console.js
2018-05-14 15:58:14 +0000  copying file ./Payload/SFInspection.app/www/cordova-js-src/platform.js ... 
2018-05-14 15:58:14 +0000  1168 bytes for ./Payload/SFInspection.app/www/cordova-js-src/platform.js
copying file ./Payload/SFInspection.app/www/manifest.json ... 
2018-05-14 15:58:14 +0000  266 bytes for ./Payload/SFInspection.app/www/manifest.json
copying file ./Payload/SFInspection.app/www/cordova_plugins.js ... 
2018-05-14 15:58:14 +0000  13761 bytes for ./Payload/SFInspection.app/www/cordova_plugins.js
2018-05-14 15:58:14 +0000  copying file ./Payload/SFInspection.app/www/service-worker.js ... 
741 bytes for ./Payload/SFInspection.app/www/service-worker.js
2018-05-14 15:58:14 +0000  copying file ./Payload/SFInspection.app/www/build/main.js.map ... 
2018-05-14 15:58:14 +0000  104631 bytes for ./Payload/SFInspection.app/www/build/main.js.map
2018-05-14 15:58:14 +0000  copying file ./Payload/SFInspection.app/www/build/main.css.map ... 
2018-05-14 15:58:14 +0000  4 bytes for ./Payload/SFInspection.app/www/build/main.css.map
copying file ./Payload/SFInspection.app/www/build/polyfills.js ... 
2018-05-14 15:58:14 +0000  97180 bytes for ./Payload/SFInspection.app/www/build/polyfills.js
copying file ./Payload/SFInspection.app/www/build/main.css ... 
2018-05-14 15:58:14 +0000  505068 bytes for ./Payload/SFInspection.app/www/build/main.css
2018-05-14 15:58:14 +0000  copying file ./Payload/SFInspection.app/www/build/vendor.js ... 
2018-05-14 15:58:14 +0000  4597411 bytes for ./Payload/SFInspection.app/www/build/vendor.js
2018-05-14 15:58:14 +0000  copying file ./Payload/SFInspection.app/www/build/main.js ... 
2018-05-14 15:58:14 +0000  109178 bytes for ./Payload/SFInspection.app/www/build/main.js
copying file ./Payload/SFInspection.app/www/build/sw-toolbox.js ... 
2018-05-14 15:58:14 +0000  15793 bytes for ./Payload/SFInspection.app/www/build/sw-toolbox.js
copying file ./Payload/SFInspection.app/www/build/vendor.js.map ... 
2018-05-14 15:58:14 +0000  5353682 bytes for ./Payload/SFInspection.app/www/build/vendor.js.map
2018-05-14 15:58:14 +0000  copying file ./Payload/SFInspection.app/www/assets/imgs/rml-wood-blur.jpg ... 
2018-05-14 15:58:14 +0000  22963 bytes for ./Payload/SFInspection.app/www/assets/imgs/rml-wood-blur.jpg
copying file ./Payload/SFInspection.app/www/assets/imgs/logo.png ... 
2018-05-14 15:58:14 +0000  39757 bytes for ./Payload/SFInspection.app/www/assets/imgs/logo.png
copying file ./Payload/SFInspection.app/www/assets/imgs/rml-wood.jpg ... 
2018-05-14 15:58:14 +0000  137326 bytes for ./Payload/SFInspection.app/www/assets/imgs/rml-wood.jpg
2018-05-14 15:58:14 +0000  copying file ./Payload/SFInspection.app/www/assets/icon/favicon.ico ... 
2018-05-14 15:58:14 +0000  1981 bytes for ./Payload/SFInspection.app/www/assets/icon/favicon.ico
2018-05-14 15:58:14 +0000  copying file ./Payload/SFInspection.app/www/assets/fonts/roboto-medium.ttf ... 
2018-05-14 15:58:14 +0000  19752 bytes for ./Payload/SFInspection.app/www/assets/fonts/roboto-medium.ttf
copying file ./Payload/SFInspection.app/www/assets/fonts/roboto-light.woff2 ... 
2018-05-14 15:58:14 +0000  10220 bytes for ./Payload/SFInspection.app/www/assets/fonts/roboto-light.woff2
copying file ./Payload/SFInspection.app/www/assets/fonts/roboto-light.ttf ... 
2018-05-14 15:58:14 +0000  19908 bytes for ./Payload/SFInspection.app/www/assets/fonts/roboto-light.ttf
copying file ./Payload/SFInspection.app/www/assets/fonts/roboto-regular.woff2 ... 
2018-05-14 15:58:14 +0000  10196 bytes for ./Payload/SFInspection.app/www/assets/fonts/roboto-regular.woff2
copying file ./Payload/SFInspection.app/www/assets/fonts/roboto-regular.woff ... 
2018-05-14 15:58:14 +0000  13308 bytes for ./Payload/SFInspection.app/www/assets/fonts/roboto-regular.woff
2018-05-14 15:58:14 +0000  copying file ./Payload/SFInspection.app/www/assets/fonts/noto-sans-bold.ttf ... 
2018-05-14 15:58:14 +0000  415132 bytes for ./Payload/SFInspection.app/www/assets/fonts/noto-sans-bold.ttf
copying file ./Payload/SFInspection.app/www/assets/fonts/ionicons.eot ... 
2018-05-14 15:58:14 +0000  144114 bytes for ./Payload/SFInspection.app/www/assets/fonts/ionicons.eot
copying file ./Payload/SFInspection.app/www/assets/fonts/noto-sans-bold.woff ... 
2018-05-14 15:58:14 +0000  211888 bytes for ./Payload/SFInspection.app/www/assets/fonts/noto-sans-bold.woff
copying file ./Payload/SFInspection.app/www/assets/fonts/roboto-light.woff ... 
2018-05-14 15:58:14 +0000  13360 bytes for ./Payload/SFInspection.app/www/assets/fonts/roboto-light.woff
copying file ./Payload/SFInspection.app/www/assets/fonts/roboto-medium.woff2 ... 
2018-05-14 15:58:14 +0000  10192 bytes for ./Payload/SFInspection.app/www/assets/fonts/roboto-medium.woff2
2018-05-14 15:58:14 +0000  copying file ./Payload/SFInspection.app/www/assets/fonts/ionicons.woff ... 
2018-05-14 15:58:14 +0000  80356 bytes for ./Payload/SFInspection.app/www/assets/fonts/ionicons.woff
copying file ./Payload/SFInspection.app/www/assets/fonts/roboto-regular.ttf ... 
2018-05-14 15:58:14 +0000  19876 bytes for ./Payload/SFInspection.app/www/assets/fonts/roboto-regular.ttf
2018-05-14 15:58:14 +0000  copying file ./Payload/SFInspection.app/www/assets/fonts/ionicons.ttf ... 
2018-05-14 15:58:14 +0000  143936 bytes for ./Payload/SFInspection.app/www/assets/fonts/ionicons.ttf
2018-05-14 15:58:14 +0000  copying file ./Payload/SFInspection.app/www/assets/fonts/roboto-bold.woff2 ... 
2018-05-14 15:58:14 +0000  10212 bytes for ./Payload/SFInspection.app/www/assets/fonts/roboto-bold.woff2
copying file ./Payload/SFInspection.app/www/assets/fonts/noto-sans.scss ... 
2018-05-14 15:58:14 +0000  1282 bytes for ./Payload/SFInspection.app/www/assets/fonts/noto-sans.scss
copying file ./Payload/SFInspection.app/www/assets/fonts/roboto.scss ... 
2018-05-14 15:58:14 +0000  1458 bytes for ./Payload/SFInspection.app/www/assets/fonts/roboto.scss
copying file ./Payload/SFInspection.app/www/assets/fonts/noto-sans-regular.woff ... 
2018-05-14 15:58:14 +0000  212780 bytes for ./Payload/SFInspection.app/www/assets/fonts/noto-sans-regular.woff
copying file ./Payload/SFInspection.app/www/assets/fonts/roboto-medium.woff ... 
2018-05-14 15:58:14 +0000  13248 bytes for ./Payload/SFInspection.app/www/assets/fonts/roboto-medium.woff
2018-05-14 15:58:14 +0000  copying file ./Payload/SFInspection.app/www/assets/fonts/roboto-bold.woff ... 
2018-05-14 15:58:14 +0000  13348 bytes for ./Payload/SFInspection.app/www/assets/fonts/roboto-bold.woff
2018-05-14 15:58:14 +0000  copying file ./Payload/SFInspection.app/www/assets/fonts/noto-sans-regular.ttf ... 
2018-05-14 15:58:14 +0000  414820 bytes for ./Payload/SFInspection.app/www/assets/fonts/noto-sans-regular.ttf
2018-05-14 15:58:14 +0000  copying file ./Payload/SFInspection.app/www/assets/fonts/ionicons.svg ... 
2018-05-14 15:58:14 +0000  400219 bytes for ./Payload/SFInspection.app/www/assets/fonts/ionicons.svg
2018-05-14 15:58:14 +0000  copying file ./Payload/SFInspection.app/www/assets/fonts/roboto-bold.ttf ... 
2018-05-14 15:58:14 +0000  20040 bytes for ./Payload/SFInspection.app/www/assets/fonts/roboto-bold.ttf
copying file ./Payload/SFInspection.app/www/assets/fonts/ionicons.woff2 ... 
2018-05-14 15:58:14 +0000  61020 bytes for ./Payload/SFInspection.app/www/assets/fonts/ionicons.woff2
2018-05-14 15:58:14 +0000  copying file ./Payload/SFInspection.app/www/assets/fonts/ionicons.scss ... 
1152 bytes for ./Payload/SFInspection.app/www/assets/fonts/ionicons.scss
2018-05-14 15:58:14 +0000  copying file ./Payload/SFInspection.app/www/wk-plugin.js ... 
2018-05-14 15:58:14 +0000  1779 bytes for ./Payload/SFInspection.app/www/wk-plugin.js
copying file ./Payload/SFInspection.app/LaunchImage-700-Portrait~ipad.png ... 
2018-05-14 15:58:14 +0000  43322 bytes for ./Payload/SFInspection.app/LaunchImage-700-Portrait~ipad.png
2018-05-14 15:58:14 +0000  copying file ./Payload/SFInspection.app/SalesforceSDKResources.bundle/en.lproj/Localizable.strings ... 
2018-05-14 15:58:14 +0000  5760 bytes for ./Payload/SFInspection.app/SalesforceSDKResources.bundle/en.lproj/Localizable.strings
2018-05-14 15:58:14 +0000  copying file ./Payload/SFInspection.app/Assets.car ... 
2018-05-14 15:58:14 +0000  329304 bytes for ./Payload/SFInspection.app/Assets.car
copying file ./Payload/SFInspection.app/AppIcon40x40@2x~ipad.png ... 
2018-05-14 15:58:14 +0000  5791 bytes for ./Payload/SFInspection.app/AppIcon40x40@2x~ipad.png
2018-05-14 15:58:14 +0000  copying file ./Payload/SFInspection.app/AppIcon76x76@2x~ipad.png ... 
2018-05-14 15:58:14 +0000  10986 bytes for ./Payload/SFInspection.app/AppIcon76x76@2x~ipad.png
2018-05-14 15:58:14 +0000  copying file ./Payload/SFInspection.app/AppIcon72x72~ipad.png ... 
2018-05-14 15:58:14 +0000  5130 bytes for ./Payload/SFInspection.app/AppIcon72x72~ipad.png
2018-05-14 15:58:14 +0000  copying file ./Payload/SFInspection.app/CDVLaunchScreen.storyboardc/01J-lp-oVM-view-Ze5-6b-2t3.nib ... 
2018-05-14 15:58:14 +0000  2284 bytes for ./Payload/SFInspection.app/CDVLaunchScreen.storyboardc/01J-lp-oVM-view-Ze5-6b-2t3.nib
copying file ./Payload/SFInspection.app/CDVLaunchScreen.storyboardc/UIViewController-01J-lp-oVM.nib ... 
2018-05-14 15:58:14 +0000  832 bytes for ./Payload/SFInspection.app/CDVLaunchScreen.storyboardc/UIViewController-01J-lp-oVM.nib
copying file ./Payload/SFInspection.app/CDVLaunchScreen.storyboardc/Info.plist ... 
2018-05-14 15:58:14 +0000  258 bytes for ./Payload/SFInspection.app/CDVLaunchScreen.storyboardc/Info.plist
2018-05-14 15:58:14 +0000  copying file ./Payload/SFInspection.app/AppIcon83.5x83.5@2x~ipad.png ... 
2018-05-14 15:58:14 +0000  17373 bytes for ./Payload/SFInspection.app/AppIcon83.5x83.5@2x~ipad.png
2018-05-14 15:58:14 +0000  copying file ./Payload/SFInspection.app/AppIcon50x50~ipad.png ... 
2018-05-14 15:58:14 +0000  3410 bytes for ./Payload/SFInspection.app/AppIcon50x50~ipad.png
copying file ./Payload/SFInspection.app/SFInspection ... 
2018-05-14 15:58:15 +0000  7788720 bytes for ./Payload/SFInspection.app/SFInspection
2018-05-14 15:58:15 +0000  copying file ./Payload/SFInspection.app/AppIcon29x29@2x~ipad.png ... 
2018-05-14 15:58:15 +0000  4111 bytes for ./Payload/SFInspection.app/AppIcon29x29@2x~ipad.png
2018-05-14 15:58:15 +0000  copying file ./Payload/SFInspection.app/LaunchImage-700-Landscape@2x~ipad.png ... 
2018-05-14 15:58:15 +0000  63378 bytes for ./Payload/SFInspection.app/LaunchImage-700-Landscape@2x~ipad.png
copying file ./Payload/SFInspection.app/AppIcon50x50@2x~ipad.png ... 
2018-05-14 15:58:15 +0000  7265 bytes for ./Payload/SFInspection.app/AppIcon50x50@2x~ipad.png
copying file ./Payload/SFInspection.app/AppIcon40x40~ipad.png ... 
2018-05-14 15:58:15 +0000  2927 bytes for ./Payload/SFInspection.app/AppIcon40x40~ipad.png
2018-05-14 15:58:15 +0000  copying file ./Payload/SFInspection.app/AppIcon20x20~ipad.png ... 
2018-05-14 15:58:15 +0000  1471 bytes for ./Payload/SFInspection.app/AppIcon20x20~ipad.png
copying file ./Payload/SFInspection.app/embedded.mobileprovision ... 
2018-05-14 15:58:15 +0000  9609 bytes for ./Payload/SFInspection.app/embedded.mobileprovision
2018-05-14 15:58:15 +0000  copying file ./Payload/SFInspection.app/LaunchImage-700-Portrait@2x~ipad.png ... 
2018-05-14 15:58:15 +0000  63106 bytes for ./Payload/SFInspection.app/LaunchImage-700-Portrait@2x~ipad.png
copying file ./Payload/SFInspection.app/LaunchImage-700-Landscape~ipad.png ... 
2018-05-14 15:58:15 +0000  43563 bytes for ./Payload/SFInspection.app/LaunchImage-700-Landscape~ipad.png
copying file ./Payload/SFInspection.app/AppIcon20x20@2x~ipad.png ... 
2018-05-14 15:58:15 +0000  2927 bytes for ./Payload/SFInspection.app/AppIcon20x20@2x~ipad.png
copying file ./Payload/SFInspection.app/Info.plist ... 
2018-05-14 15:58:15 +0000  2038 bytes for ./Payload/SFInspection.app/Info.plist
2018-05-14 15:58:15 +0000  copying file ./Payload/SFInspection.app/PkgInfo ... 
8 bytes for ./Payload/SFInspection.app/PkgInfo
copying file ./Payload/SFInspection.app/AppIcon76x76~ipad.png ... 
2018-05-14 15:58:15 +0000  5538 bytes for ./Payload/SFInspection.app/AppIcon76x76~ipad.png
2018-05-14 15:58:15 +0000  2018-05-14 15:58:15 +0000  

2018-05-14 15:58:15 +0000  /usr/bin/ditto exited with 0
2018-05-14 15:58:15 +0000  
2018-05-14 15:58:15 +0000  2018-05-14 15:58:15 +0000  Processing step: IDEDistributionCreateManifestStep

